<?xml version="1.0" encoding="UTF-8"?>
<coverage generated="1709917215904" clover="3.2.0">
  <project timestamp="1709917215904" name="All files">
    <metrics statements="213" coveredstatements="175" conditionals="36" coveredconditionals="25" methods="61" coveredmethods="37" elements="310" coveredelements="237" complexity="0" loc="213" ncloc="213" packages="3" files="7" classes="7"/>
    <package name="Test">
      <metrics statements="6" coveredstatements="6" conditionals="0" coveredconditionals="0" methods="4" coveredmethods="4"/>
      <file name="App.js" path="C:\Users\yitji\Documents\Third Year\finalYearProject\Task_Manager_App\Test\App.js">
        <metrics statements="6" coveredstatements="6" conditionals="0" coveredconditionals="0" methods="4" coveredmethods="4"/>
        <line num="14" count="1" type="stmt"/>
        <line num="17" count="4" type="stmt"/>
        <line num="26" count="10" type="stmt"/>
        <line num="36" count="10" type="stmt"/>
        <line num="46" count="10" type="stmt"/>
        <line num="55" count="1" type="stmt"/>
      </file>
    </package>
    <package name="Test.components">
      <metrics statements="141" coveredstatements="113" conditionals="32" coveredconditionals="22" methods="43" coveredmethods="25"/>
      <file name="AddTaskForm.js" path="C:\Users\yitji\Documents\Third Year\finalYearProject\Task_Manager_App\Test\components\AddTaskForm.js">
        <metrics statements="45" coveredstatements="35" conditionals="6" coveredconditionals="3" methods="12" coveredmethods="6"/>
        <line num="20" count="3" type="stmt"/>
        <line num="24" count="60" type="stmt"/>
        <line num="27" count="60" type="stmt"/>
        <line num="29" count="60" type="stmt"/>
        <line num="32" count="60" type="stmt"/>
        <line num="33" count="4" type="stmt"/>
        <line num="34" count="4" type="stmt"/>
        <line num="38" count="4" type="stmt"/>
        <line num="39" count="4" type="cond" truecount="1" falsecount="1"/>
        <line num="41" count="4" type="stmt"/>
        <line num="44" count="4" type="stmt"/>
        <line num="47" count="4" type="stmt"/>
        <line num="48" count="4" type="stmt"/>
        <line num="50" count="4" type="stmt"/>
        <line num="56" count="4" type="stmt"/>
        <line num="57" count="4" type="cond" truecount="1" falsecount="1"/>
        <line num="59" count="4" type="stmt"/>
        <line num="61" count="4" type="stmt"/>
        <line num="63" count="4" type="stmt"/>
        <line num="64" count="4" type="stmt"/>
        <line num="66" count="4" type="stmt"/>
        <line num="70" count="4" type="stmt"/>
        <line num="72" count="4" type="stmt"/>
        <line num="74" count="4" type="stmt"/>
        <line num="76" count="4" type="stmt"/>
        <line num="78" count="4" type="stmt"/>
        <line num="80" count="0" type="stmt"/>
        <line num="100" count="60" type="stmt"/>
        <line num="101" count="1" type="stmt"/>
        <line num="103" count="1" type="stmt"/>
        <line num="107" count="60" type="stmt"/>
        <line num="108" count="0" type="stmt"/>
        <line num="109" count="0" type="stmt"/>
        <line num="111" count="0" type="stmt"/>
        <line num="113" count="0" type="stmt"/>
        <line num="118" count="60" type="stmt"/>
        <line num="126" count="0" type="stmt"/>
        <line num="135" count="4" type="stmt"/>
        <line num="147" count="0" type="stmt"/>
        <line num="151" count="0" type="stmt"/>
        <line num="154" count="0" type="stmt"/>
        <line num="162" count="0" type="stmt"/>
        <line num="181" count="4" type="stmt"/>
        <line num="195" count="1" type="stmt"/>
        <line num="205" count="3" type="stmt"/>
      </file>
      <file name="Checklist.js" path="C:\Users\yitji\Documents\Third Year\finalYearProject\Task_Manager_App\Test\components\Checklist.js">
        <metrics statements="42" coveredstatements="37" conditionals="20" coveredconditionals="16" methods="11" coveredmethods="10"/>
        <line num="10" count="3" type="stmt"/>
        <line num="13" count="56" type="stmt"/>
        <line num="16" count="2" type="cond" truecount="2" falsecount="0"/>
        <line num="22" count="1" type="stmt"/>
        <line num="23" count="1" type="stmt"/>
        <line num="25" count="1" type="stmt"/>
        <line num="27" count="1" type="stmt"/>
        <line num="29" count="1" type="stmt"/>
        <line num="30" count="1" type="stmt"/>
        <line num="31" count="1" type="stmt"/>
        <line num="34" count="1" type="cond" truecount="1" falsecount="1"/>
        <line num="40" count="1" type="stmt"/>
        <line num="41" count="1" type="stmt"/>
        <line num="43" count="1" type="stmt"/>
        <line num="45" count="1" type="stmt"/>
        <line num="47" count="1" type="stmt"/>
        <line num="48" count="1" type="stmt"/>
        <line num="49" count="1" type="stmt"/>
        <line num="56" count="56" type="stmt"/>
        <line num="57" count="2" type="stmt"/>
        <line num="58" count="2" type="stmt"/>
        <line num="59" count="2" type="stmt"/>
        <line num="63" count="2" type="stmt"/>
        <line num="64" count="2" type="stmt"/>
        <line num="66" count="2" type="stmt"/>
        <line num="71" count="2" type="cond" truecount="2" falsecount="2"/>
        <line num="73" count="0" type="stmt"/>
        <line num="74" count="0" type="stmt"/>
        <line num="77" count="0" type="stmt"/>
        <line num="78" count="0" type="stmt"/>
        <line num="82" count="2" type="stmt"/>
        <line num="83" count="2" type="stmt"/>
        <line num="98" count="56" type="stmt"/>
        <line num="104" count="19" type="cond" truecount="2" falsecount="0"/>
        <line num="112" count="23" type="cond" truecount="2" falsecount="0"/>
        <line num="117" count="2" type="stmt"/>
        <line num="123" count="0" type="stmt"/>
        <line num="132" count="1" type="stmt"/>
        <line num="144" count="19" type="cond" truecount="2" falsecount="0"/>
        <line num="148" count="23" type="cond" truecount="2" falsecount="0"/>
        <line num="162" count="1" type="stmt"/>
        <line num="177" count="3" type="stmt"/>
      </file>
      <file name="EditTaskForm.js" path="C:\Users\yitji\Documents\Third Year\finalYearProject\Task_Manager_App\Test\components\EditTaskForm.js">
        <metrics statements="54" coveredstatements="41" conditionals="6" coveredconditionals="3" methods="20" coveredmethods="9"/>
        <line num="20" count="3" type="stmt"/>
        <line num="24" count="56" type="stmt"/>
        <line num="31" count="56" type="stmt"/>
        <line num="33" count="1" type="stmt"/>
        <line num="34" count="1" type="stmt"/>
        <line num="36" count="1" type="stmt"/>
        <line num="39" count="1" type="stmt"/>
        <line num="40" count="1" type="stmt"/>
        <line num="42" count="1" type="stmt"/>
        <line num="44" count="1" type="stmt"/>
        <line num="48" count="1" type="stmt"/>
        <line num="49" count="1" type="cond" truecount="1" falsecount="1"/>
        <line num="51" count="1" type="stmt"/>
        <line num="53" count="1" type="stmt"/>
        <line num="65" count="56" type="stmt"/>
        <line num="66" count="0" type="stmt"/>
        <line num="67" count="0" type="stmt"/>
        <line num="68" count="0" type="stmt"/>
        <line num="72" count="56" type="stmt"/>
        <line num="74" count="1" type="stmt"/>
        <line num="80" count="0" type="stmt"/>
        <line num="85" count="1" type="stmt"/>
        <line num="95" count="56" type="stmt"/>
        <line num="96" count="1" type="stmt"/>
        <line num="97" count="1" type="stmt"/>
        <line num="98" count="1" type="stmt"/>
        <line num="101" count="1" type="stmt"/>
        <line num="102" count="1" type="stmt"/>
        <line num="103" count="1" type="stmt"/>
        <line num="104" count="1" type="stmt"/>
        <line num="106" count="1" type="stmt"/>
        <line num="107" count="1" type="stmt"/>
        <line num="108" count="1" type="stmt"/>
        <line num="109" count="1" type="stmt"/>
        <line num="111" count="1" type="stmt"/>
        <line num="112" count="1" type="stmt"/>
        <line num="113" count="1" type="stmt"/>
        <line num="114" count="1" type="stmt"/>
        <line num="116" count="1" type="stmt"/>
        <line num="120" count="56" type="stmt"/>
        <line num="127" count="0" type="stmt"/>
        <line num="136" count="1" type="stmt"/>
        <line num="148" count="0" type="stmt"/>
        <line num="152" count="0" type="stmt"/>
        <line num="155" count="0" type="stmt"/>
        <line num="162" count="0" type="stmt"/>
        <line num="189" count="0" type="stmt"/>
        <line num="193" count="0" type="stmt"/>
        <line num="196" count="0" type="stmt"/>
        <line num="206" count="1" type="stmt"/>
        <line num="210" count="1" type="stmt"/>
        <line num="216" count="1" type="stmt"/>
        <line num="220" count="0" type="stmt"/>
        <line num="230" count="3" type="stmt"/>
      </file>
    </package>
    <package name="Test.pages">
      <metrics statements="66" coveredstatements="56" conditionals="4" coveredconditionals="3" methods="14" coveredmethods="8"/>
      <file name="CalendarPage.js" path="C:\Users\yitji\Documents\Third Year\finalYearProject\Task_Manager_App\Test\pages\CalendarPage.js">
        <metrics statements="29" coveredstatements="20" conditionals="2" coveredconditionals="1" methods="9" coveredmethods="3"/>
        <line num="9" count="1" type="stmt"/>
        <line num="11" count="3" type="stmt"/>
        <line num="13" count="2" type="stmt"/>
        <line num="16" count="2" type="stmt"/>
        <line num="18" count="2" type="stmt"/>
        <line num="20" count="2" type="stmt"/>
        <line num="23" count="2" type="stmt"/>
        <line num="24" count="1" type="stmt"/>
        <line num="25" count="1" type="stmt"/>
        <line num="27" count="1" type="stmt"/>
        <line num="28" count="1" type="stmt"/>
        <line num="29" count="1" type="stmt"/>
        <line num="31" count="1" type="stmt"/>
        <line num="32" count="0" type="stmt"/>
        <line num="34" count="0" type="stmt"/>
        <line num="35" count="0" type="stmt"/>
        <line num="37" count="1" type="stmt"/>
        <line num="40" count="1" type="stmt"/>
        <line num="45" count="2" type="stmt"/>
        <line num="47" count="2" type="cond" truecount="1" falsecount="1"/>
        <line num="49" count="0" type="stmt"/>
        <line num="55" count="2" type="stmt"/>
        <line num="57" count="0" type="stmt"/>
        <line num="59" count="0" type="stmt"/>
        <line num="60" count="0" type="stmt"/>
        <line num="63" count="2" type="stmt"/>
        <line num="76" count="0" type="stmt"/>
        <line num="83" count="0" type="stmt"/>
        <line num="93" count="1" type="stmt"/>
      </file>
      <file name="HomePage.js" path="C:\Users\yitji\Documents\Third Year\finalYearProject\Task_Manager_App\Test\pages\HomePage.js">
        <metrics statements="34" coveredstatements="33" conditionals="2" coveredconditionals="2" methods="4" coveredmethods="4"/>
        <line num="21" count="3" type="stmt"/>
        <line num="23" count="56" type="stmt"/>
        <line num="25" count="56" type="stmt"/>
        <line num="27" count="56" type="stmt"/>
        <line num="29" count="56" type="stmt"/>
        <line num="31" count="56" type="stmt"/>
        <line num="33" count="56" type="stmt"/>
        <line num="35" count="56" type="stmt"/>
        <line num="37" count="56" type="stmt"/>
        <line num="39" count="56" type="stmt"/>
        <line num="41" count="56" type="stmt"/>
        <line num="44" count="56" type="stmt"/>
        <line num="46" count="56" type="stmt"/>
        <line num="48" count="56" type="stmt"/>
        <line num="51" count="56" type="stmt"/>
        <line num="53" count="56" type="stmt"/>
        <line num="56" count="56" type="stmt"/>
        <line num="57" count="9" type="stmt"/>
        <line num="58" count="9" type="stmt"/>
        <line num="59" count="9" type="stmt"/>
        <line num="60" count="9" type="stmt"/>
        <line num="61" count="9" type="stmt"/>
        <line num="62" count="9" type="cond" truecount="2" falsecount="0"/>
        <line num="63" count="4" type="stmt"/>
        <line num="64" count="4" type="stmt"/>
        <line num="65" count="4" type="stmt"/>
        <line num="66" count="4" type="stmt"/>
        <line num="67" count="4" type="stmt"/>
        <line num="68" count="4" type="stmt"/>
        <line num="77" count="0" type="stmt"/>
        <line num="81" count="9" type="stmt"/>
        <line num="98" count="56" type="stmt"/>
        <line num="146" count="6" type="stmt"/>
        <line num="192" count="3" type="stmt"/>
      </file>
      <file name="ProfilePage.js" path="C:\Users\yitji\Documents\Third Year\finalYearProject\Task_Manager_App\Test\pages\ProfilePage.js">
        <metrics statements="3" coveredstatements="3" conditionals="0" coveredconditionals="0" methods="1" coveredmethods="1"/>
        <line num="3" count="1" type="stmt"/>
        <line num="4" count="1" type="stmt"/>
        <line num="14" count="1" type="stmt"/>
      </file>
    </package>
  </project>
</coverage>
