<?xml version="1.0" encoding="UTF-8"?>
<coverage generated="1708957307812" clover="3.2.0">
  <project timestamp="1708957307812" name="All files">
    <metrics statements="76" coveredstatements="63" conditionals="12" coveredconditionals="11" methods="35" coveredmethods="23" elements="123" coveredelements="97" complexity="0" loc="76" ncloc="76" packages="3" files="5" classes="5"/>
    <package name="testing">
      <metrics statements="6" coveredstatements="6" conditionals="0" coveredconditionals="0" methods="4" coveredmethods="4"/>
      <file name="App.js" path="C:\Users\yitji\OneDrive\Documents\sim\third_year\finalYearProject\Task_Manager_App\testing\App.js">
        <metrics statements="6" coveredstatements="6" conditionals="0" coveredconditionals="0" methods="4" coveredmethods="4"/>
        <line num="15" count="1" type="stmt"/>
        <line num="18" count="4" type="stmt"/>
        <line num="27" count="10" type="stmt"/>
        <line num="37" count="10" type="stmt"/>
        <line num="47" count="10" type="stmt"/>
        <line num="56" count="1" type="stmt"/>
      </file>
    </package>
    <package name="testing.components">
      <metrics statements="13" coveredstatements="8" conditionals="0" coveredconditionals="0" methods="9" coveredmethods="4"/>
      <file name="EditTaskForm.js" path="C:\Users\yitji\OneDrive\Documents\sim\third_year\finalYearProject\Task_Manager_App\testing\components\EditTaskForm.js">
        <metrics statements="13" coveredstatements="8" conditionals="0" coveredconditionals="0" methods="9" coveredmethods="4"/>
        <line num="4" count="2" type="stmt"/>
        <line num="7" count="22" type="stmt"/>
        <line num="8" count="1" type="stmt"/>
        <line num="9" count="1" type="stmt"/>
        <line num="12" count="22" type="stmt"/>
        <line num="18" count="0" type="stmt"/>
        <line num="26" count="1" type="stmt"/>
        <line num="34" count="0" type="stmt"/>
        <line num="38" count="0" type="stmt"/>
        <line num="41" count="0" type="stmt"/>
        <line num="46" count="1" type="stmt"/>
        <line num="50" count="0" type="stmt"/>
        <line num="60" count="2" type="stmt"/>
      </file>
    </package>
    <package name="testing.pages">
      <metrics statements="57" coveredstatements="49" conditionals="12" coveredconditionals="11" methods="22" coveredmethods="15"/>
      <file name="CalendarPage.js" path="C:\Users\yitji\OneDrive\Documents\sim\third_year\finalYearProject\Task_Manager_App\testing\pages\CalendarPage.js">
        <metrics statements="3" coveredstatements="3" conditionals="0" coveredconditionals="0" methods="1" coveredmethods="1"/>
        <line num="3" count="1" type="stmt"/>
        <line num="4" count="1" type="stmt"/>
        <line num="14" count="1" type="stmt"/>
      </file>
      <file name="HomePage.js" path="C:\Users\yitji\OneDrive\Documents\sim\third_year\finalYearProject\Task_Manager_App\testing\pages\HomePage.js">
        <metrics statements="51" coveredstatements="43" conditionals="12" coveredconditionals="11" methods="20" coveredmethods="13"/>
        <line num="18" count="2" type="stmt"/>
        <line num="20" count="22" type="stmt"/>
        <line num="22" count="22" type="stmt"/>
        <line num="24" count="22" type="stmt"/>
        <line num="26" count="22" type="stmt"/>
        <line num="28" count="22" type="stmt"/>
        <line num="30" count="22" type="stmt"/>
        <line num="32" count="22" type="stmt"/>
        <line num="34" count="22" type="stmt"/>
        <line num="36" count="22" type="stmt"/>
        <line num="39" count="22" type="stmt"/>
        <line num="42" count="22" type="stmt"/>
        <line num="43" count="3" type="stmt"/>
        <line num="45" count="3" type="stmt"/>
        <line num="47" count="3" type="stmt"/>
        <line num="49" count="3" type="stmt"/>
        <line num="53" count="22" type="stmt"/>
        <line num="56" count="2" type="cond" truecount="2" falsecount="0"/>
        <line num="58" count="1" type="stmt"/>
        <line num="59" count="1" type="stmt"/>
        <line num="60" count="1" type="stmt"/>
        <line num="62" count="1" type="cond" truecount="1" falsecount="1"/>
        <line num="64" count="1" type="stmt"/>
        <line num="65" count="1" type="stmt"/>
        <line num="66" count="1" type="stmt"/>
        <line num="72" count="22" type="stmt"/>
        <line num="73" count="1" type="stmt"/>
        <line num="74" count="1" type="stmt"/>
        <line num="75" count="1" type="stmt"/>
        <line num="79" count="1" type="stmt"/>
        <line num="80" count="1" type="stmt"/>
        <line num="83" count="22" type="stmt"/>
        <line num="84" count="0" type="stmt"/>
        <line num="85" count="0" type="stmt"/>
        <line num="88" count="22" type="stmt"/>
        <line num="105" count="8" type="cond" truecount="2" falsecount="0"/>
        <line num="110" count="1" type="stmt"/>
        <line num="116" count="0" type="stmt"/>
        <line num="125" count="1" type="stmt"/>
        <line num="137" count="8" type="cond" truecount="2" falsecount="0"/>
        <line num="139" count="8" type="cond" truecount="2" falsecount="0"/>
        <line num="152" count="1" type="stmt"/>
        <line num="173" count="0" type="stmt"/>
        <line num="181" count="3" type="stmt"/>
        <line num="195" count="0" type="stmt"/>
        <line num="199" count="0" type="stmt"/>
        <line num="202" count="0" type="stmt"/>
        <line num="209" count="3" type="stmt"/>
        <line num="213" count="0" type="stmt"/>
        <line num="224" count="4" type="stmt"/>
        <line num="250" count="2" type="stmt"/>
      </file>
      <file name="ProfilePage.js" path="C:\Users\yitji\OneDrive\Documents\sim\third_year\finalYearProject\Task_Manager_App\testing\pages\ProfilePage.js">
        <metrics statements="3" coveredstatements="3" conditionals="0" coveredconditionals="0" methods="1" coveredmethods="1"/>
        <line num="3" count="1" type="stmt"/>
        <line num="4" count="1" type="stmt"/>
        <line num="14" count="1" type="stmt"/>
      </file>
    </package>
  </project>
</coverage>
