{"C:\\Users\\yitji\\Documents\\Third Year\\finalYearProject\\Task_Manager_App\\Test\\App.js": {"path":"C:\\Users\\yitji\\Documents\\Third Year\\finalYearProject\\Task_Manager_App\\Test\\App.js","statementMap":{"0":{"start":{"line":14,"column":12},"end":{"line":14,"column":38}},"1":{"start":{"line":17,"column":2},"end":{"line":52,"column":4}},"2":{"start":{"line":26,"column":14},"end":{"line":26,"column":77}},"3":{"start":{"line":36,"column":14},"end":{"line":36,"column":88}},"4":{"start":{"line":46,"column":14},"end":{"line":46,"column":88}},"5":{"start":{"line":55,"column":15},"end":{"line":62,"column":2}}},"fnMap":{"0":{"name":"App","decl":{"start":{"line":16,"column":24},"end":{"line":16,"column":27}},"loc":{"start":{"line":16,"column":30},"end":{"line":53,"column":1}},"line":16},"1":{"name":"(anonymous_1)","decl":{"start":{"line":24,"column":24},"end":{"line":24,"column":25}},"loc":{"start":{"line":26,"column":14},"end":{"line":26,"column":77}},"line":26},"2":{"name":"(anonymous_2)","decl":{"start":{"line":34,"column":24},"end":{"line":34,"column":25}},"loc":{"start":{"line":36,"column":14},"end":{"line":36,"column":88}},"line":36},"3":{"name":"(anonymous_3)","decl":{"start":{"line":44,"column":24},"end":{"line":44,"column":25}},"loc":{"start":{"line":46,"column":14},"end":{"line":46,"column":88}},"line":46}},"branchMap":{},"s":{"0":1,"1":4,"2":10,"3":10,"4":10,"5":1},"f":{"0":4,"1":10,"2":10,"3":10},"b":{},"_coverageSchema":"1a1c01bbd47fc00a2c39e90264f33305004495a9","hash":"4cf594a57cfa9f738f6e99b8a778c7e395a969fa"}
,"C:\\Users\\yitji\\Documents\\Third Year\\finalYearProject\\Task_Manager_App\\Test\\components\\AddTaskForm.js": {"path":"C:\\Users\\yitji\\Documents\\Third Year\\finalYearProject\\Task_Manager_App\\Test\\components\\AddTaskForm.js","statementMap":{"0":{"start":{"line":20,"column":20},"end":{"line":203,"column":1}},"1":{"start":{"line":24,"column":32},"end":{"line":24,"column":52}},"2":{"start":{"line":27,"column":40},"end":{"line":27,"column":55}},"3":{"start":{"line":29,"column":46},"end":{"line":29,"column":66}},"4":{"start":{"line":32,"column":23},"end":{"line":82,"column":3}},"5":{"start":{"line":33,"column":20},"end":{"line":33,"column":41}},"6":{"start":{"line":34,"column":4},"end":{"line":81,"column":5}},"7":{"start":{"line":38,"column":30},"end":{"line":38,"column":69}},"8":{"start":{"line":39,"column":26},"end":{"line":39,"column":72}},"9":{"start":{"line":41,"column":8},"end":{"line":41,"column":32}},"10":{"start":{"line":44,"column":8},"end":{"line":44,"column":75}},"11":{"start":{"line":47,"column":30},"end":{"line":47,"column":69}},"12":{"start":{"line":48,"column":31},"end":{"line":48,"column":56}},"13":{"start":{"line":50,"column":8},"end":{"line":50,"column":37}},"14":{"start":{"line":56,"column":30},"end":{"line":56,"column":65}},"15":{"start":{"line":57,"column":26},"end":{"line":57,"column":72}},"16":{"start":{"line":59,"column":8},"end":{"line":59,"column":30}},"17":{"start":{"line":61,"column":8},"end":{"line":61,"column":71}},"18":{"start":{"line":63,"column":30},"end":{"line":63,"column":65}},"19":{"start":{"line":64,"column":31},"end":{"line":64,"column":56}},"20":{"start":{"line":66,"column":8},"end":{"line":66,"column":39}},"21":{"start":{"line":70,"column":8},"end":{"line":70,"column":30}},"22":{"start":{"line":72,"column":8},"end":{"line":72,"column":35}},"23":{"start":{"line":74,"column":8},"end":{"line":74,"column":32}},"24":{"start":{"line":76,"column":8},"end":{"line":76,"column":31}},"25":{"start":{"line":78,"column":8},"end":{"line":78,"column":24}},"26":{"start":{"line":80,"column":8},"end":{"line":80,"column":25}},"27":{"start":{"line":100,"column":26},"end":{"line":104,"column":3}},"28":{"start":{"line":101,"column":4},"end":{"line":101,"column":26}},"29":{"start":{"line":103,"column":4},"end":{"line":103,"column":31}},"30":{"start":{"line":107,"column":24},"end":{"line":114,"column":3}},"31":{"start":{"line":108,"column":24},"end":{"line":108,"column":36}},"32":{"start":{"line":109,"column":4},"end":{"line":109,"column":26}},"33":{"start":{"line":111,"column":4},"end":{"line":111,"column":28}},"34":{"start":{"line":113,"column":4},"end":{"line":113,"column":53}},"35":{"start":{"line":118,"column":2},"end":{"line":202,"column":4}},"36":{"start":{"line":126,"column":12},"end":{"line":126,"column":41}},"37":{"start":{"line":135,"column":52},"end":{"line":135,"column":75}},"38":{"start":{"line":147,"column":28},"end":{"line":147,"column":48}},"39":{"start":{"line":151,"column":28},"end":{"line":151,"column":40}},"40":{"start":{"line":154,"column":55},"end":{"line":154,"column":80}},"41":{"start":{"line":162,"column":37},"end":{"line":162,"column":57}},"42":{"start":{"line":181,"column":38},"end":{"line":181,"column":72}},"43":{"start":{"line":195,"column":38},"end":{"line":195,"column":56}},"44":{"start":{"line":205,"column":15},"end":{"line":256,"column":2}}},"fnMap":{"0":{"name":"(anonymous_0)","decl":{"start":{"line":20,"column":20},"end":{"line":20,"column":21}},"loc":{"start":{"line":20,"column":173},"end":{"line":203,"column":1}},"line":20},"1":{"name":"(anonymous_1)","decl":{"start":{"line":32,"column":23},"end":{"line":32,"column":24}},"loc":{"start":{"line":32,"column":44},"end":{"line":82,"column":3}},"line":32},"2":{"name":"(anonymous_2)","decl":{"start":{"line":100,"column":26},"end":{"line":100,"column":27}},"loc":{"start":{"line":100,"column":31},"end":{"line":104,"column":3}},"line":100},"3":{"name":"(anonymous_3)","decl":{"start":{"line":107,"column":24},"end":{"line":107,"column":25}},"loc":{"start":{"line":107,"column":49},"end":{"line":114,"column":3}},"line":107},"4":{"name":"(anonymous_4)","decl":{"start":{"line":125,"column":28},"end":{"line":125,"column":29}},"loc":{"start":{"line":125,"column":34},"end":{"line":127,"column":9}},"line":125},"5":{"name":"(anonymous_5)","decl":{"start":{"line":135,"column":39},"end":{"line":135,"column":40}},"loc":{"start":{"line":135,"column":52},"end":{"line":135,"column":75}},"line":135},"6":{"name":"(anonymous_6)","decl":{"start":{"line":146,"column":50},"end":{"line":146,"column":51}},"loc":{"start":{"line":146,"column":71},"end":{"line":148,"column":25}},"line":146},"7":{"name":"(anonymous_7)","decl":{"start":{"line":150,"column":45},"end":{"line":150,"column":46}},"loc":{"start":{"line":150,"column":58},"end":{"line":152,"column":25}},"line":150},"8":{"name":"(anonymous_8)","decl":{"start":{"line":154,"column":34},"end":{"line":154,"column":35}},"loc":{"start":{"line":154,"column":55},"end":{"line":154,"column":80}},"line":154},"9":{"name":"(anonymous_9)","decl":{"start":{"line":162,"column":33},"end":{"line":162,"column":34}},"loc":{"start":{"line":162,"column":37},"end":{"line":162,"column":57}},"line":162},"10":{"name":"(anonymous_10)","decl":{"start":{"line":181,"column":33},"end":{"line":181,"column":34}},"loc":{"start":{"line":181,"column":38},"end":{"line":181,"column":72}},"line":181},"11":{"name":"(anonymous_11)","decl":{"start":{"line":195,"column":33},"end":{"line":195,"column":34}},"loc":{"start":{"line":195,"column":38},"end":{"line":195,"column":56}},"line":195}},"branchMap":{"0":{"loc":{"start":{"line":39,"column":26},"end":{"line":39,"column":72}},"type":"cond-expr","locations":[{"start":{"line":39,"column":42},"end":{"line":39,"column":67}},{"start":{"line":39,"column":70},"end":{"line":39,"column":72}}],"line":39},"1":{"loc":{"start":{"line":57,"column":26},"end":{"line":57,"column":72}},"type":"cond-expr","locations":[{"start":{"line":57,"column":42},"end":{"line":57,"column":67}},{"start":{"line":57,"column":70},"end":{"line":57,"column":72}}],"line":57},"2":{"loc":{"start":{"line":167,"column":21},"end":{"line":175,"column":21}},"type":"binary-expr","locations":[{"start":{"line":167,"column":21},"end":{"line":167,"column":32}},{"start":{"line":168,"column":24},"end":{"line":174,"column":26}}],"line":167}},"s":{"0":3,"1":60,"2":60,"3":60,"4":60,"5":4,"6":4,"7":4,"8":4,"9":4,"10":4,"11":4,"12":4,"13":4,"14":4,"15":4,"16":4,"17":4,"18":4,"19":4,"20":4,"21":4,"22":4,"23":4,"24":4,"25":4,"26":0,"27":60,"28":1,"29":1,"30":60,"31":0,"32":0,"33":0,"34":0,"35":60,"36":0,"37":4,"38":0,"39":0,"40":0,"41":0,"42":4,"43":1,"44":3},"f":{"0":60,"1":4,"2":1,"3":0,"4":0,"5":4,"6":0,"7":0,"8":0,"9":0,"10":4,"11":1},"b":{"0":[4,0],"1":[4,0],"2":[60,0]},"_coverageSchema":"1a1c01bbd47fc00a2c39e90264f33305004495a9","hash":"8cb03252bada1768ed62d26ea31883c914b8a300"}
,"C:\\Users\\yitji\\Documents\\Third Year\\finalYearProject\\Task_Manager_App\\Test\\components\\Checklist.js": {"path":"C:\\Users\\yitji\\Documents\\Third Year\\finalYearProject\\Task_Manager_App\\Test\\components\\Checklist.js","statementMap":{"0":{"start":{"line":10,"column":18},"end":{"line":175,"column":1}},"1":{"start":{"line":13,"column":24},"end":{"line":52,"column":3}},"2":{"start":{"line":16,"column":4},"end":{"line":51,"column":5}},"3":{"start":{"line":22,"column":30},"end":{"line":22,"column":65}},"4":{"start":{"line":23,"column":31},"end":{"line":23,"column":56}},"5":{"start":{"line":25,"column":8},"end":{"line":25,"column":39}},"6":{"start":{"line":27,"column":8},"end":{"line":27,"column":76}},"7":{"start":{"line":29,"column":30},"end":{"line":29,"column":65}},"8":{"start":{"line":30,"column":27},"end":{"line":30,"column":52}},"9":{"start":{"line":31,"column":8},"end":{"line":31,"column":35}},"10":{"start":{"line":34,"column":9},"end":{"line":51,"column":5}},"11":{"start":{"line":40,"column":30},"end":{"line":40,"column":65}},"12":{"start":{"line":41,"column":31},"end":{"line":41,"column":56}},"13":{"start":{"line":43,"column":8},"end":{"line":43,"column":38}},"14":{"start":{"line":45,"column":8},"end":{"line":45,"column":76}},"15":{"start":{"line":47,"column":30},"end":{"line":47,"column":65}},"16":{"start":{"line":48,"column":27},"end":{"line":48,"column":52}},"17":{"start":{"line":49,"column":8},"end":{"line":49,"column":35}},"18":{"start":{"line":56,"column":29},"end":{"line":96,"column":3}},"19":{"start":{"line":57,"column":4},"end":{"line":57,"column":29}},"20":{"start":{"line":58,"column":4},"end":{"line":58,"column":34}},"21":{"start":{"line":59,"column":4},"end":{"line":59,"column":20}},"22":{"start":{"line":63,"column":4},"end":{"line":63,"column":34}},"23":{"start":{"line":64,"column":4},"end":{"line":64,"column":33}},"24":{"start":{"line":66,"column":4},"end":{"line":66,"column":46}},"25":{"start":{"line":71,"column":4},"end":{"line":84,"column":5}},"26":{"start":{"line":73,"column":33},"end":{"line":73,"column":71}},"27":{"start":{"line":74,"column":34},"end":{"line":74,"column":62}},"28":{"start":{"line":77,"column":8},"end":{"line":77,"column":46}},"29":{"start":{"line":78,"column":8},"end":{"line":78,"column":40}},"30":{"start":{"line":82,"column":8},"end":{"line":82,"column":34}},"31":{"start":{"line":83,"column":8},"end":{"line":83,"column":25}},"32":{"start":{"line":98,"column":2},"end":{"line":174,"column":4}},"33":{"start":{"line":104,"column":40},"end":{"line":104,"column":45}},"34":{"start":{"line":112,"column":16},"end":{"line":136,"column":17}},"35":{"start":{"line":117,"column":39},"end":{"line":117,"column":60}},"36":{"start":{"line":123,"column":87},"end":{"line":123,"column":108}},"37":{"start":{"line":132,"column":42},"end":{"line":132,"column":59}},"38":{"start":{"line":144,"column":40},"end":{"line":144,"column":44}},"39":{"start":{"line":148,"column":16},"end":{"line":170,"column":17}},"40":{"start":{"line":162,"column":42},"end":{"line":162,"column":59}},"41":{"start":{"line":177,"column":15},"end":{"line":219,"column":2}}},"fnMap":{"0":{"name":"(anonymous_0)","decl":{"start":{"line":10,"column":18},"end":{"line":10,"column":19}},"loc":{"start":{"line":10,"column":215},"end":{"line":175,"column":1}},"line":10},"1":{"name":"(anonymous_1)","decl":{"start":{"line":13,"column":24},"end":{"line":13,"column":25}},"loc":{"start":{"line":13,"column":40},"end":{"line":52,"column":3}},"line":13},"2":{"name":"(anonymous_2)","decl":{"start":{"line":56,"column":29},"end":{"line":56,"column":30}},"loc":{"start":{"line":56,"column":40},"end":{"line":96,"column":3}},"line":56},"3":{"name":"(anonymous_3)","decl":{"start":{"line":104,"column":30},"end":{"line":104,"column":31}},"loc":{"start":{"line":104,"column":40},"end":{"line":104,"column":45}},"line":104},"4":{"name":"(anonymous_4)","decl":{"start":{"line":107,"column":27},"end":{"line":107,"column":28}},"loc":{"start":{"line":112,"column":16},"end":{"line":136,"column":17}},"line":112},"5":{"name":"(anonymous_5)","decl":{"start":{"line":117,"column":33},"end":{"line":117,"column":34}},"loc":{"start":{"line":117,"column":39},"end":{"line":117,"column":60}},"line":117},"6":{"name":"(anonymous_6)","decl":{"start":{"line":123,"column":81},"end":{"line":123,"column":82}},"loc":{"start":{"line":123,"column":87},"end":{"line":123,"column":108}},"line":123},"7":{"name":"(anonymous_7)","decl":{"start":{"line":132,"column":37},"end":{"line":132,"column":38}},"loc":{"start":{"line":132,"column":42},"end":{"line":132,"column":59}},"line":132},"8":{"name":"(anonymous_8)","decl":{"start":{"line":144,"column":30},"end":{"line":144,"column":31}},"loc":{"start":{"line":144,"column":40},"end":{"line":144,"column":44}},"line":144},"9":{"name":"(anonymous_9)","decl":{"start":{"line":147,"column":27},"end":{"line":147,"column":28}},"loc":{"start":{"line":148,"column":16},"end":{"line":170,"column":17}},"line":148},"10":{"name":"(anonymous_10)","decl":{"start":{"line":162,"column":37},"end":{"line":162,"column":38}},"loc":{"start":{"line":162,"column":42},"end":{"line":162,"column":59}},"line":162}},"branchMap":{"0":{"loc":{"start":{"line":16,"column":4},"end":{"line":51,"column":5}},"type":"if","locations":[{"start":{"line":16,"column":4},"end":{"line":51,"column":5}},{"start":{"line":34,"column":9},"end":{"line":51,"column":5}}],"line":16},"1":{"loc":{"start":{"line":34,"column":9},"end":{"line":51,"column":5}},"type":"if","locations":[{"start":{"line":34,"column":9},"end":{"line":51,"column":5}},{"start":{},"end":{}}],"line":34},"2":{"loc":{"start":{"line":71,"column":4},"end":{"line":84,"column":5}},"type":"if","locations":[{"start":{"line":71,"column":4},"end":{"line":84,"column":5}},{"start":{"line":81,"column":4},"end":{"line":84,"column":5}}],"line":71},"3":{"loc":{"start":{"line":71,"column":7},"end":{"line":71,"column":62}},"type":"binary-expr","locations":[{"start":{"line":71,"column":7},"end":{"line":71,"column":35}},{"start":{"line":71,"column":39},"end":{"line":71,"column":62}}],"line":71},"4":{"loc":{"start":{"line":104,"column":13},"end":{"line":104,"column":109}},"type":"binary-expr","locations":[{"start":{"line":104,"column":13},"end":{"line":104,"column":46}},{"start":{"line":104,"column":50},"end":{"line":104,"column":109}}],"line":104},"5":{"loc":{"start":{"line":112,"column":16},"end":{"line":136,"column":17}},"type":"binary-expr","locations":[{"start":{"line":112,"column":16},"end":{"line":112,"column":40}},{"start":{"line":113,"column":20},"end":{"line":135,"column":32}}],"line":112},"6":{"loc":{"start":{"line":124,"column":64},"end":{"line":124,"column":94}},"type":"cond-expr","locations":[{"start":{"line":124,"column":74},"end":{"line":124,"column":81}},{"start":{"line":124,"column":84},"end":{"line":124,"column":94}}],"line":124},"7":{"loc":{"start":{"line":144,"column":13},"end":{"line":144,"column":106}},"type":"binary-expr","locations":[{"start":{"line":144,"column":13},"end":{"line":144,"column":45}},{"start":{"line":144,"column":49},"end":{"line":144,"column":106}}],"line":144},"8":{"loc":{"start":{"line":148,"column":16},"end":{"line":170,"column":17}},"type":"binary-expr","locations":[{"start":{"line":148,"column":16},"end":{"line":148,"column":30}},{"start":{"line":149,"column":20},"end":{"line":169,"column":32}}],"line":148},"9":{"loc":{"start":{"line":165,"column":29},"end":{"line":167,"column":29}},"type":"binary-expr","locations":[{"start":{"line":165,"column":29},"end":{"line":165,"column":43}},{"start":{"line":166,"column":32},"end":{"line":166,"column":130}}],"line":165}},"s":{"0":3,"1":56,"2":2,"3":1,"4":1,"5":1,"6":1,"7":1,"8":1,"9":1,"10":1,"11":1,"12":1,"13":1,"14":1,"15":1,"16":1,"17":1,"18":56,"19":2,"20":2,"21":2,"22":2,"23":2,"24":2,"25":2,"26":0,"27":0,"28":0,"29":0,"30":2,"31":2,"32":56,"33":19,"34":23,"35":2,"36":0,"37":1,"38":19,"39":23,"40":1,"41":3},"f":{"0":56,"1":2,"2":2,"3":19,"4":23,"5":2,"6":0,"7":1,"8":19,"9":23,"10":1},"b":{"0":[1,1],"1":[1,0],"2":[0,2],"3":[2,0],"4":[56,18],"5":[23,18],"6":[0,18],"7":[56,1],"8":[23,1],"9":[1,1]},"_coverageSchema":"1a1c01bbd47fc00a2c39e90264f33305004495a9","hash":"1b3272de42b370e59731f9716ec28ae716d73baf"}
,"C:\\Users\\yitji\\Documents\\Third Year\\finalYearProject\\Task_Manager_App\\Test\\components\\EditTaskForm.js": {"path":"C:\\Users\\yitji\\Documents\\Third Year\\finalYearProject\\Task_Manager_App\\Test\\components\\EditTaskForm.js","statementMap":{"0":{"start":{"line":20,"column":21},"end":{"line":228,"column":1}},"1":{"start":{"line":24,"column":42},"end":{"line":24,"column":57}},"2":{"start":{"line":31,"column":26},"end":{"line":62,"column":5}},"3":{"start":{"line":33,"column":8},"end":{"line":33,"column":66}},"4":{"start":{"line":34,"column":8},"end":{"line":34,"column":34}},"5":{"start":{"line":36,"column":8},"end":{"line":36,"column":90}},"6":{"start":{"line":39,"column":35},"end":{"line":39,"column":74}},"7":{"start":{"line":40,"column":31},"end":{"line":40,"column":61}},"8":{"start":{"line":42,"column":8},"end":{"line":42,"column":71}},"9":{"start":{"line":44,"column":8},"end":{"line":44,"column":80}},"10":{"start":{"line":48,"column":33},"end":{"line":48,"column":71}},"11":{"start":{"line":49,"column":34},"end":{"line":49,"column":86}},"12":{"start":{"line":51,"column":8},"end":{"line":51,"column":96}},"13":{"start":{"line":53,"column":8},"end":{"line":53,"column":82}},"14":{"start":{"line":65,"column":26},"end":{"line":69,"column":5}},"15":{"start":{"line":66,"column":28},"end":{"line":66,"column":40}},"16":{"start":{"line":67,"column":8},"end":{"line":67,"column":30}},"17":{"start":{"line":68,"column":8},"end":{"line":68,"column":36}},"18":{"start":{"line":72,"column":29},"end":{"line":92,"column":5}},"19":{"start":{"line":74,"column":8},"end":{"line":91,"column":10}},"20":{"start":{"line":80,"column":31},"end":{"line":80,"column":64}},"21":{"start":{"line":85,"column":32},"end":{"line":85,"column":44}},"22":{"start":{"line":95,"column":23},"end":{"line":117,"column":5}},"23":{"start":{"line":96,"column":8},"end":{"line":96,"column":41}},"24":{"start":{"line":97,"column":8},"end":{"line":97,"column":39}},"25":{"start":{"line":98,"column":8},"end":{"line":98,"column":41}},"26":{"start":{"line":101,"column":30},"end":{"line":101,"column":69}},"27":{"start":{"line":102,"column":31},"end":{"line":102,"column":56}},"28":{"start":{"line":103,"column":8},"end":{"line":103,"column":43}},"29":{"start":{"line":104,"column":8},"end":{"line":104,"column":80}},"30":{"start":{"line":106,"column":26},"end":{"line":106,"column":61}},"31":{"start":{"line":107,"column":32},"end":{"line":107,"column":53}},"32":{"start":{"line":108,"column":8},"end":{"line":108,"column":44}},"33":{"start":{"line":109,"column":8},"end":{"line":109,"column":77}},"34":{"start":{"line":111,"column":28},"end":{"line":111,"column":66}},"35":{"start":{"line":112,"column":30},"end":{"line":112,"column":53}},"36":{"start":{"line":113,"column":8},"end":{"line":113,"column":42}},"37":{"start":{"line":114,"column":8},"end":{"line":114,"column":78}},"38":{"start":{"line":116,"column":8},"end":{"line":116,"column":34}},"39":{"start":{"line":120,"column":4},"end":{"line":227,"column":8}},"40":{"start":{"line":127,"column":20},"end":{"line":127,"column":57}},"41":{"start":{"line":136,"column":56},"end":{"line":136,"column":79}},"42":{"start":{"line":148,"column":32},"end":{"line":148,"column":52}},"43":{"start":{"line":152,"column":32},"end":{"line":152,"column":44}},"44":{"start":{"line":155,"column":59},"end":{"line":155,"column":84}},"45":{"start":{"line":162,"column":41},"end":{"line":162,"column":61}},"46":{"start":{"line":189,"column":32},"end":{"line":189,"column":52}},"47":{"start":{"line":193,"column":32},"end":{"line":193,"column":44}},"48":{"start":{"line":196,"column":59},"end":{"line":196,"column":85}},"49":{"start":{"line":206,"column":56},"end":{"line":206,"column":79}},"50":{"start":{"line":210,"column":77},"end":{"line":210,"column":95}},"51":{"start":{"line":216,"column":42},"end":{"line":216,"column":57}},"52":{"start":{"line":220,"column":42},"end":{"line":220,"column":67}},"53":{"start":{"line":230,"column":15},"end":{"line":302,"column":2}}},"fnMap":{"0":{"name":"(anonymous_0)","decl":{"start":{"line":20,"column":21},"end":{"line":20,"column":22}},"loc":{"start":{"line":20,"column":258},"end":{"line":228,"column":1}},"line":20},"1":{"name":"(anonymous_1)","decl":{"start":{"line":31,"column":26},"end":{"line":31,"column":27}},"loc":{"start":{"line":31,"column":36},"end":{"line":62,"column":5}},"line":31},"2":{"name":"(anonymous_2)","decl":{"start":{"line":65,"column":26},"end":{"line":65,"column":27}},"loc":{"start":{"line":65,"column":51},"end":{"line":69,"column":5}},"line":65},"3":{"name":"(anonymous_3)","decl":{"start":{"line":72,"column":29},"end":{"line":72,"column":30}},"loc":{"start":{"line":72,"column":35},"end":{"line":92,"column":5}},"line":72},"4":{"name":"(anonymous_4)","decl":{"start":{"line":80,"column":25},"end":{"line":80,"column":26}},"loc":{"start":{"line":80,"column":31},"end":{"line":80,"column":64}},"line":80},"5":{"name":"(anonymous_5)","decl":{"start":{"line":85,"column":25},"end":{"line":85,"column":26}},"loc":{"start":{"line":85,"column":31},"end":{"line":85,"column":45}},"line":85},"6":{"name":"(anonymous_6)","decl":{"start":{"line":95,"column":23},"end":{"line":95,"column":24}},"loc":{"start":{"line":95,"column":34},"end":{"line":117,"column":5}},"line":95},"7":{"name":"(anonymous_7)","decl":{"start":{"line":126,"column":32},"end":{"line":126,"column":33}},"loc":{"start":{"line":126,"column":38},"end":{"line":128,"column":13}},"line":126},"8":{"name":"(anonymous_8)","decl":{"start":{"line":136,"column":43},"end":{"line":136,"column":44}},"loc":{"start":{"line":136,"column":56},"end":{"line":136,"column":79}},"line":136},"9":{"name":"(anonymous_9)","decl":{"start":{"line":147,"column":54},"end":{"line":147,"column":55}},"loc":{"start":{"line":147,"column":75},"end":{"line":149,"column":29}},"line":147},"10":{"name":"(anonymous_10)","decl":{"start":{"line":151,"column":49},"end":{"line":151,"column":50}},"loc":{"start":{"line":151,"column":62},"end":{"line":153,"column":29}},"line":151},"11":{"name":"(anonymous_11)","decl":{"start":{"line":155,"column":38},"end":{"line":155,"column":39}},"loc":{"start":{"line":155,"column":59},"end":{"line":155,"column":84}},"line":155},"12":{"name":"(anonymous_12)","decl":{"start":{"line":162,"column":37},"end":{"line":162,"column":38}},"loc":{"start":{"line":162,"column":41},"end":{"line":162,"column":61}},"line":162},"13":{"name":"(anonymous_13)","decl":{"start":{"line":188,"column":54},"end":{"line":188,"column":55}},"loc":{"start":{"line":188,"column":75},"end":{"line":190,"column":29}},"line":188},"14":{"name":"(anonymous_14)","decl":{"start":{"line":192,"column":49},"end":{"line":192,"column":50}},"loc":{"start":{"line":192,"column":62},"end":{"line":194,"column":29}},"line":192},"15":{"name":"(anonymous_15)","decl":{"start":{"line":196,"column":38},"end":{"line":196,"column":39}},"loc":{"start":{"line":196,"column":59},"end":{"line":196,"column":85}},"line":196},"16":{"name":"(anonymous_16)","decl":{"start":{"line":206,"column":43},"end":{"line":206,"column":44}},"loc":{"start":{"line":206,"column":56},"end":{"line":206,"column":79}},"line":206},"17":{"name":"(anonymous_17)","decl":{"start":{"line":210,"column":72},"end":{"line":210,"column":73}},"loc":{"start":{"line":210,"column":77},"end":{"line":210,"column":95}},"line":210},"18":{"name":"(anonymous_18)","decl":{"start":{"line":216,"column":37},"end":{"line":216,"column":38}},"loc":{"start":{"line":216,"column":42},"end":{"line":216,"column":57}},"line":216},"19":{"name":"(anonymous_19)","decl":{"start":{"line":220,"column":37},"end":{"line":220,"column":38}},"loc":{"start":{"line":220,"column":42},"end":{"line":220,"column":67}},"line":220}},"branchMap":{"0":{"loc":{"start":{"line":49,"column":34},"end":{"line":49,"column":86}},"type":"cond-expr","locations":[{"start":{"line":49,"column":53},"end":{"line":49,"column":81}},{"start":{"line":49,"column":84},"end":{"line":49,"column":86}}],"line":49},"1":{"loc":{"start":{"line":142,"column":48},"end":{"line":142,"column":94}},"type":"cond-expr","locations":[{"start":{"line":142,"column":66},"end":{"line":142,"column":81}},{"start":{"line":142,"column":84},"end":{"line":142,"column":94}}],"line":142},"2":{"loc":{"start":{"line":169,"column":25},"end":{"line":178,"column":25}},"type":"binary-expr","locations":[{"start":{"line":169,"column":25},"end":{"line":169,"column":36}},{"start":{"line":171,"column":28},"end":{"line":177,"column":30}}],"line":169}},"s":{"0":3,"1":56,"2":56,"3":1,"4":1,"5":1,"6":1,"7":1,"8":1,"9":1,"10":1,"11":1,"12":1,"13":1,"14":56,"15":0,"16":0,"17":0,"18":56,"19":1,"20":0,"21":1,"22":56,"23":1,"24":1,"25":1,"26":1,"27":1,"28":1,"29":1,"30":1,"31":1,"32":1,"33":1,"34":1,"35":1,"36":1,"37":1,"38":1,"39":56,"40":0,"41":1,"42":0,"43":0,"44":0,"45":0,"46":0,"47":0,"48":0,"49":1,"50":1,"51":1,"52":0,"53":3},"f":{"0":56,"1":1,"2":0,"3":1,"4":0,"5":1,"6":1,"7":0,"8":1,"9":0,"10":0,"11":0,"12":0,"13":0,"14":0,"15":0,"16":1,"17":1,"18":1,"19":0},"b":{"0":[1,0],"1":[0,56],"2":[56,0]},"_coverageSchema":"1a1c01bbd47fc00a2c39e90264f33305004495a9","hash":"c3986d27d6415c0c70ba7a12cc7e67c85ea4ed78"}
,"C:\\Users\\yitji\\Documents\\Third Year\\finalYearProject\\Task_Manager_App\\Test\\pages\\CalendarPage.js": {"path":"C:\\Users\\yitji\\Documents\\Third Year\\finalYearProject\\Task_Manager_App\\Test\\pages\\CalendarPage.js","statementMap":{"0":{"start":{"line":9,"column":21},"end":{"line":91,"column":1}},"1":{"start":{"line":11,"column":34},"end":{"line":11,"column":46}},"2":{"start":{"line":13,"column":40},"end":{"line":13,"column":60}},"3":{"start":{"line":16,"column":27},"end":{"line":16,"column":39}},"4":{"start":{"line":18,"column":32},"end":{"line":18,"column":44}},"5":{"start":{"line":20,"column":36},"end":{"line":20,"column":48}},"6":{"start":{"line":23,"column":2},"end":{"line":41,"column":16}},"7":{"start":{"line":24,"column":29},"end":{"line":39,"column":5}},"8":{"start":{"line":25,"column":6},"end":{"line":38,"column":7}},"9":{"start":{"line":27,"column":35},"end":{"line":27,"column":74}},"10":{"start":{"line":28,"column":31},"end":{"line":28,"column":61}},"11":{"start":{"line":29,"column":8},"end":{"line":29,"column":32}},"12":{"start":{"line":31,"column":22},"end":{"line":31,"column":71}},"13":{"start":{"line":31,"column":49},"end":{"line":31,"column":70}},"14":{"start":{"line":32,"column":8},"end":{"line":32,"column":28}},"15":{"start":{"line":34,"column":21},"end":{"line":34,"column":86}},"16":{"start":{"line":34,"column":51},"end":{"line":34,"column":85}},"17":{"start":{"line":35,"column":8},"end":{"line":35,"column":25}},"18":{"start":{"line":37,"column":8},"end":{"line":37,"column":100}},"19":{"start":{"line":40,"column":4},"end":{"line":40,"column":23}},"20":{"start":{"line":45,"column":20},"end":{"line":45,"column":107}},"21":{"start":{"line":45,"column":61},"end":{"line":45,"column":105}},"22":{"start":{"line":47,"column":2},"end":{"line":54,"column":3}},"23":{"start":{"line":49,"column":4},"end":{"line":53,"column":5}},"24":{"start":{"line":55,"column":30},"end":{"line":61,"column":3}},"25":{"start":{"line":57,"column":4},"end":{"line":57,"column":22}},"26":{"start":{"line":59,"column":4},"end":{"line":59,"column":21}},"27":{"start":{"line":60,"column":4},"end":{"line":60,"column":19}},"28":{"start":{"line":63,"column":2},"end":{"line":90,"column":4}},"29":{"start":{"line":76,"column":10},"end":{"line":76,"column":46}},"30":{"start":{"line":83,"column":10},"end":{"line":86,"column":22}},"31":{"start":{"line":93,"column":15},"end":{"line":123,"column":2}}},"fnMap":{"0":{"name":"(anonymous_0)","decl":{"start":{"line":9,"column":21},"end":{"line":9,"column":22}},"loc":{"start":{"line":9,"column":26},"end":{"line":91,"column":1}},"line":9},"1":{"name":"(anonymous_1)","decl":{"start":{"line":23,"column":12},"end":{"line":23,"column":13}},"loc":{"start":{"line":23,"column":17},"end":{"line":41,"column":3}},"line":23},"2":{"name":"(anonymous_2)","decl":{"start":{"line":24,"column":29},"end":{"line":24,"column":30}},"loc":{"start":{"line":24,"column":40},"end":{"line":39,"column":5}},"line":24},"3":{"name":"(anonymous_3)","decl":{"start":{"line":31,"column":41},"end":{"line":31,"column":42}},"loc":{"start":{"line":31,"column":49},"end":{"line":31,"column":70}},"line":31},"4":{"name":"(anonymous_4)","decl":{"start":{"line":34,"column":43},"end":{"line":34,"column":44}},"loc":{"start":{"line":34,"column":51},"end":{"line":34,"column":85}},"line":34},"5":{"name":"(anonymous_5)","decl":{"start":{"line":45,"column":53},"end":{"line":45,"column":54}},"loc":{"start":{"line":45,"column":61},"end":{"line":45,"column":105}},"line":45},"6":{"name":"(anonymous_6)","decl":{"start":{"line":55,"column":30},"end":{"line":55,"column":31}},"loc":{"start":{"line":55,"column":40},"end":{"line":61,"column":3}},"line":55},"7":{"name":"(anonymous_7)","decl":{"start":{"line":75,"column":20},"end":{"line":75,"column":21}},"loc":{"start":{"line":75,"column":27},"end":{"line":77,"column":9}},"line":75},"8":{"name":"(anonymous_8)","decl":{"start":{"line":82,"column":21},"end":{"line":82,"column":22}},"loc":{"start":{"line":83,"column":10},"end":{"line":86,"column":22}},"line":83}},"branchMap":{"0":{"loc":{"start":{"line":47,"column":2},"end":{"line":54,"column":3}},"type":"if","locations":[{"start":{"line":47,"column":2},"end":{"line":54,"column":3}},{"start":{},"end":{}}],"line":47}},"s":{"0":1,"1":3,"2":2,"3":2,"4":2,"5":2,"6":2,"7":1,"8":1,"9":1,"10":1,"11":1,"12":1,"13":0,"14":0,"15":0,"16":0,"17":0,"18":1,"19":1,"20":2,"21":0,"22":2,"23":0,"24":2,"25":0,"26":0,"27":0,"28":2,"29":0,"30":0,"31":1},"f":{"0":3,"1":1,"2":1,"3":0,"4":0,"5":0,"6":0,"7":0,"8":0},"b":{"0":[0,2]},"_coverageSchema":"1a1c01bbd47fc00a2c39e90264f33305004495a9","hash":"81ca0f2ab7cab26e7cc757e7b6defa66267e919d"}
,"C:\\Users\\yitji\\Documents\\Third Year\\finalYearProject\\Task_Manager_App\\Test\\pages\\HomePage.js": {"path":"C:\\Users\\yitji\\Documents\\Third Year\\finalYearProject\\Task_Manager_App\\Test\\pages\\HomePage.js","statementMap":{"0":{"start":{"line":21,"column":17},"end":{"line":190,"column":1}},"1":{"start":{"line":23,"column":40},"end":{"line":23,"column":55}},"2":{"start":{"line":25,"column":48},"end":{"line":25,"column":63}},"3":{"start":{"line":27,"column":42},"end":{"line":27,"column":54}},"4":{"start":{"line":29,"column":36},"end":{"line":29,"column":48}},"5":{"start":{"line":31,"column":36},"end":{"line":31,"column":48}},"6":{"start":{"line":33,"column":36},"end":{"line":33,"column":48}},"7":{"start":{"line":35,"column":36},"end":{"line":35,"column":48}},"8":{"start":{"line":37,"column":40},"end":{"line":37,"column":52}},"9":{"start":{"line":39,"column":34},"end":{"line":39,"column":46}},"10":{"start":{"line":41,"column":36},"end":{"line":41,"column":48}},"11":{"start":{"line":44,"column":40},"end":{"line":44,"column":60}},"12":{"start":{"line":46,"column":36},"end":{"line":46,"column":48}},"13":{"start":{"line":48,"column":40},"end":{"line":48,"column":52}},"14":{"start":{"line":51,"column":21},"end":{"line":51,"column":46}},"15":{"start":{"line":53,"column":21},"end":{"line":53,"column":63}},"16":{"start":{"line":56,"column":2},"end":{"line":82,"column":8}},"17":{"start":{"line":57,"column":30},"end":{"line":79,"column":5}},"18":{"start":{"line":58,"column":6},"end":{"line":78,"column":7}},"19":{"start":{"line":59,"column":37},"end":{"line":59,"column":76}},"20":{"start":{"line":60,"column":32},"end":{"line":60,"column":67}},"21":{"start":{"line":61,"column":35},"end":{"line":61,"column":73}},"22":{"start":{"line":62,"column":10},"end":{"line":69,"column":11}},"23":{"start":{"line":63,"column":35},"end":{"line":63,"column":65}},"24":{"start":{"line":64,"column":12},"end":{"line":64,"column":41}},"25":{"start":{"line":65,"column":35},"end":{"line":65,"column":60}},"26":{"start":{"line":66,"column":12},"end":{"line":66,"column":43}},"27":{"start":{"line":67,"column":38},"end":{"line":67,"column":66}},"28":{"start":{"line":68,"column":12},"end":{"line":68,"column":46}},"29":{"start":{"line":77,"column":10},"end":{"line":77,"column":80}},"30":{"start":{"line":81,"column":4},"end":{"line":81,"column":24}},"31":{"start":{"line":98,"column":2},"end":{"line":189,"column":4}},"32":{"start":{"line":146,"column":28},"end":{"line":146,"column":48}},"33":{"start":{"line":192,"column":15},"end":{"line":209,"column":2}}},"fnMap":{"0":{"name":"(anonymous_0)","decl":{"start":{"line":21,"column":17},"end":{"line":21,"column":18}},"loc":{"start":{"line":21,"column":22},"end":{"line":190,"column":1}},"line":21},"1":{"name":"(anonymous_1)","decl":{"start":{"line":56,"column":12},"end":{"line":56,"column":13}},"loc":{"start":{"line":56,"column":17},"end":{"line":82,"column":3}},"line":56},"2":{"name":"(anonymous_2)","decl":{"start":{"line":57,"column":30},"end":{"line":57,"column":31}},"loc":{"start":{"line":57,"column":42},"end":{"line":79,"column":5}},"line":57},"3":{"name":"(anonymous_3)","decl":{"start":{"line":146,"column":23},"end":{"line":146,"column":24}},"loc":{"start":{"line":146,"column":28},"end":{"line":146,"column":48}},"line":146}},"branchMap":{"0":{"loc":{"start":{"line":62,"column":10},"end":{"line":69,"column":11}},"type":"if","locations":[{"start":{"line":62,"column":10},"end":{"line":69,"column":11}},{"start":{},"end":{}}],"line":62}},"s":{"0":3,"1":56,"2":56,"3":56,"4":56,"5":56,"6":56,"7":56,"8":56,"9":56,"10":56,"11":56,"12":56,"13":56,"14":56,"15":56,"16":56,"17":9,"18":9,"19":9,"20":9,"21":9,"22":9,"23":4,"24":4,"25":4,"26":4,"27":4,"28":4,"29":0,"30":9,"31":56,"32":6,"33":3},"f":{"0":56,"1":9,"2":9,"3":6},"b":{"0":[4,5]},"_coverageSchema":"1a1c01bbd47fc00a2c39e90264f33305004495a9","hash":"7edec7916c77e51266c11c1a3a5d8861e6f4f23f"}
,"C:\\Users\\yitji\\Documents\\Third Year\\finalYearProject\\Task_Manager_App\\Test\\pages\\ProfilePage.js": {"path":"C:\\Users\\yitji\\Documents\\Third Year\\finalYearProject\\Task_Manager_App\\Test\\pages\\ProfilePage.js","statementMap":{"0":{"start":{"line":3,"column":20},"end":{"line":12,"column":1}},"1":{"start":{"line":4,"column":2},"end":{"line":11,"column":4}},"2":{"start":{"line":14,"column":15},"end":{"line":23,"column":2}}},"fnMap":{"0":{"name":"(anonymous_0)","decl":{"start":{"line":3,"column":20},"end":{"line":3,"column":21}},"loc":{"start":{"line":3,"column":25},"end":{"line":12,"column":1}},"line":3}},"branchMap":{},"s":{"0":1,"1":1,"2":1},"f":{"0":1},"b":{},"_coverageSchema":"1a1c01bbd47fc00a2c39e90264f33305004495a9","hash":"4cc0b8170d16146664bd5a968b1a39cff99f2608"}
}
