{"C:\\Users\\yitji\\OneDrive\\Documents\\sim\\third_year\\finalYearProject\\Task_Manager_App\\testing\\App.js": {"path":"C:\\Users\\yitji\\OneDrive\\Documents\\sim\\third_year\\finalYearProject\\Task_Manager_App\\testing\\App.js","statementMap":{"0":{"start":{"line":15,"column":12},"end":{"line":15,"column":38}},"1":{"start":{"line":18,"column":2},"end":{"line":53,"column":4}},"2":{"start":{"line":27,"column":14},"end":{"line":27,"column":77}},"3":{"start":{"line":37,"column":14},"end":{"line":37,"column":88}},"4":{"start":{"line":47,"column":14},"end":{"line":47,"column":88}},"5":{"start":{"line":56,"column":15},"end":{"line":63,"column":2}}},"fnMap":{"0":{"name":"App","decl":{"start":{"line":17,"column":24},"end":{"line":17,"column":27}},"loc":{"start":{"line":17,"column":30},"end":{"line":54,"column":1}},"line":17},"1":{"name":"(anonymous_1)","decl":{"start":{"line":25,"column":24},"end":{"line":25,"column":25}},"loc":{"start":{"line":27,"column":14},"end":{"line":27,"column":77}},"line":27},"2":{"name":"(anonymous_2)","decl":{"start":{"line":35,"column":24},"end":{"line":35,"column":25}},"loc":{"start":{"line":37,"column":14},"end":{"line":37,"column":88}},"line":37},"3":{"name":"(anonymous_3)","decl":{"start":{"line":45,"column":24},"end":{"line":45,"column":25}},"loc":{"start":{"line":47,"column":14},"end":{"line":47,"column":88}},"line":47}},"branchMap":{},"s":{"0":1,"1":4,"2":10,"3":10,"4":10,"5":1},"f":{"0":4,"1":10,"2":10,"3":10},"b":{},"_coverageSchema":"1a1c01bbd47fc00a2c39e90264f33305004495a9","hash":"c29728d519d6ae1b9bb9c90560a9cb72844565c4"}
,"C:\\Users\\yitji\\OneDrive\\Documents\\sim\\third_year\\finalYearProject\\Task_Manager_App\\testing\\components\\EditTaskForm.js": {"path":"C:\\Users\\yitji\\OneDrive\\Documents\\sim\\third_year\\finalYearProject\\Task_Manager_App\\testing\\components\\EditTaskForm.js","statementMap":{"0":{"start":{"line":4,"column":21},"end":{"line":58,"column":1}},"1":{"start":{"line":7,"column":26},"end":{"line":10,"column":5}},"2":{"start":{"line":8,"column":8},"end":{"line":8,"column":44}},"3":{"start":{"line":9,"column":8},"end":{"line":9,"column":34}},"4":{"start":{"line":12,"column":4},"end":{"line":57,"column":8}},"5":{"start":{"line":18,"column":20},"end":{"line":18,"column":57}},"6":{"start":{"line":26,"column":56},"end":{"line":26,"column":79}},"7":{"start":{"line":34,"column":28},"end":{"line":34,"column":48}},"8":{"start":{"line":38,"column":28},"end":{"line":38,"column":40}},"9":{"start":{"line":41,"column":59},"end":{"line":41,"column":85}},"10":{"start":{"line":46,"column":42},"end":{"line":46,"column":77}},"11":{"start":{"line":50,"column":42},"end":{"line":50,"column":67}},"12":{"start":{"line":60,"column":15},"end":{"line":79,"column":2}}},"fnMap":{"0":{"name":"(anonymous_0)","decl":{"start":{"line":4,"column":21},"end":{"line":4,"column":22}},"loc":{"start":{"line":4,"column":152},"end":{"line":58,"column":1}},"line":4},"1":{"name":"(anonymous_1)","decl":{"start":{"line":7,"column":26},"end":{"line":7,"column":27}},"loc":{"start":{"line":7,"column":41},"end":{"line":10,"column":5}},"line":7},"2":{"name":"(anonymous_2)","decl":{"start":{"line":17,"column":32},"end":{"line":17,"column":33}},"loc":{"start":{"line":17,"column":38},"end":{"line":19,"column":13}},"line":17},"3":{"name":"(anonymous_3)","decl":{"start":{"line":26,"column":43},"end":{"line":26,"column":44}},"loc":{"start":{"line":26,"column":56},"end":{"line":26,"column":79}},"line":26},"4":{"name":"(anonymous_4)","decl":{"start":{"line":33,"column":54},"end":{"line":33,"column":55}},"loc":{"start":{"line":33,"column":75},"end":{"line":35,"column":29}},"line":33},"5":{"name":"(anonymous_5)","decl":{"start":{"line":37,"column":49},"end":{"line":37,"column":50}},"loc":{"start":{"line":37,"column":62},"end":{"line":39,"column":29}},"line":37},"6":{"name":"(anonymous_6)","decl":{"start":{"line":41,"column":38},"end":{"line":41,"column":39}},"loc":{"start":{"line":41,"column":59},"end":{"line":41,"column":85}},"line":41},"7":{"name":"(anonymous_7)","decl":{"start":{"line":46,"column":37},"end":{"line":46,"column":38}},"loc":{"start":{"line":46,"column":42},"end":{"line":46,"column":77}},"line":46},"8":{"name":"(anonymous_8)","decl":{"start":{"line":50,"column":37},"end":{"line":50,"column":38}},"loc":{"start":{"line":50,"column":42},"end":{"line":50,"column":67}},"line":50}},"branchMap":{},"s":{"0":2,"1":22,"2":1,"3":1,"4":22,"5":0,"6":1,"7":0,"8":0,"9":0,"10":1,"11":0,"12":2},"f":{"0":22,"1":1,"2":0,"3":1,"4":0,"5":0,"6":0,"7":1,"8":0},"b":{},"_coverageSchema":"1a1c01bbd47fc00a2c39e90264f33305004495a9","hash":"1835a1e8581820ca9547139f7099d109901058c1"}
,"C:\\Users\\yitji\\OneDrive\\Documents\\sim\\third_year\\finalYearProject\\Task_Manager_App\\testing\\pages\\CalendarPage.js": {"path":"C:\\Users\\yitji\\OneDrive\\Documents\\sim\\third_year\\finalYearProject\\Task_Manager_App\\testing\\pages\\CalendarPage.js","statementMap":{"0":{"start":{"line":3,"column":21},"end":{"line":12,"column":1}},"1":{"start":{"line":4,"column":2},"end":{"line":11,"column":4}},"2":{"start":{"line":14,"column":15},"end":{"line":22,"column":2}}},"fnMap":{"0":{"name":"(anonymous_0)","decl":{"start":{"line":3,"column":21},"end":{"line":3,"column":22}},"loc":{"start":{"line":3,"column":26},"end":{"line":12,"column":1}},"line":3}},"branchMap":{},"s":{"0":1,"1":1,"2":1},"f":{"0":1},"b":{},"_coverageSchema":"1a1c01bbd47fc00a2c39e90264f33305004495a9","hash":"fbc89b09077ecc55380e107c2eb3d7dcc6f923cc"}
,"C:\\Users\\yitji\\OneDrive\\Documents\\sim\\third_year\\finalYearProject\\Task_Manager_App\\testing\\pages\\HomePage.js": {"path":"C:\\Users\\yitji\\OneDrive\\Documents\\sim\\third_year\\finalYearProject\\Task_Manager_App\\testing\\pages\\HomePage.js","statementMap":{"0":{"start":{"line":18,"column":17},"end":{"line":248,"column":1}},"1":{"start":{"line":20,"column":40},"end":{"line":20,"column":55}},"2":{"start":{"line":22,"column":48},"end":{"line":22,"column":63}},"3":{"start":{"line":24,"column":42},"end":{"line":24,"column":54}},"4":{"start":{"line":26,"column":36},"end":{"line":26,"column":48}},"5":{"start":{"line":28,"column":36},"end":{"line":28,"column":48}},"6":{"start":{"line":30,"column":36},"end":{"line":30,"column":48}},"7":{"start":{"line":32,"column":36},"end":{"line":32,"column":48}},"8":{"start":{"line":34,"column":40},"end":{"line":34,"column":52}},"9":{"start":{"line":36,"column":36},"end":{"line":36,"column":48}},"10":{"start":{"line":39,"column":21},"end":{"line":39,"column":63}},"11":{"start":{"line":42,"column":23},"end":{"line":50,"column":3}},"12":{"start":{"line":43,"column":20},"end":{"line":43,"column":32}},"13":{"start":{"line":45,"column":4},"end":{"line":45,"column":42}},"14":{"start":{"line":47,"column":4},"end":{"line":47,"column":26}},"15":{"start":{"line":49,"column":4},"end":{"line":49,"column":44}},"16":{"start":{"line":53,"column":24},"end":{"line":68,"column":3}},"17":{"start":{"line":56,"column":4},"end":{"line":67,"column":5}},"18":{"start":{"line":58,"column":29},"end":{"line":58,"column":45}},"19":{"start":{"line":59,"column":6},"end":{"line":59,"column":37}},"20":{"start":{"line":60,"column":6},"end":{"line":60,"column":37}},"21":{"start":{"line":62,"column":9},"end":{"line":67,"column":5}},"22":{"start":{"line":64,"column":29},"end":{"line":64,"column":45}},"23":{"start":{"line":65,"column":6},"end":{"line":65,"column":36}},"24":{"start":{"line":66,"column":6},"end":{"line":66,"column":37}},"25":{"start":{"line":72,"column":26},"end":{"line":81,"column":3}},"26":{"start":{"line":73,"column":4},"end":{"line":73,"column":29}},"27":{"start":{"line":74,"column":4},"end":{"line":74,"column":34}},"28":{"start":{"line":75,"column":4},"end":{"line":75,"column":20}},"29":{"start":{"line":79,"column":4},"end":{"line":79,"column":34}},"30":{"start":{"line":80,"column":4},"end":{"line":80,"column":34}},"31":{"start":{"line":83,"column":24},"end":{"line":86,"column":3}},"32":{"start":{"line":84,"column":4},"end":{"line":84,"column":40}},"33":{"start":{"line":85,"column":4},"end":{"line":85,"column":30}},"34":{"start":{"line":88,"column":2},"end":{"line":247,"column":4}},"35":{"start":{"line":105,"column":12},"end":{"line":129,"column":13}},"36":{"start":{"line":110,"column":33},"end":{"line":110,"column":51}},"37":{"start":{"line":116,"column":80},"end":{"line":116,"column":98}},"38":{"start":{"line":125,"column":32},"end":{"line":125,"column":49}},"39":{"start":{"line":137,"column":38},"end":{"line":137,"column":42}},"40":{"start":{"line":139,"column":12},"end":{"line":160,"column":13}},"41":{"start":{"line":152,"column":32},"end":{"line":152,"column":49}},"42":{"start":{"line":173,"column":20},"end":{"line":173,"column":49}},"43":{"start":{"line":181,"column":54},"end":{"line":181,"column":77}},"44":{"start":{"line":195,"column":28},"end":{"line":195,"column":48}},"45":{"start":{"line":199,"column":28},"end":{"line":199,"column":40}},"46":{"start":{"line":202,"column":57},"end":{"line":202,"column":83}},"47":{"start":{"line":209,"column":40},"end":{"line":209,"column":75}},"48":{"start":{"line":213,"column":40},"end":{"line":213,"column":61}},"49":{"start":{"line":224,"column":28},"end":{"line":224,"column":48}},"50":{"start":{"line":250,"column":15},"end":{"line":328,"column":2}}},"fnMap":{"0":{"name":"(anonymous_0)","decl":{"start":{"line":18,"column":17},"end":{"line":18,"column":18}},"loc":{"start":{"line":18,"column":22},"end":{"line":248,"column":1}},"line":18},"1":{"name":"(anonymous_1)","decl":{"start":{"line":42,"column":23},"end":{"line":42,"column":24}},"loc":{"start":{"line":42,"column":38},"end":{"line":50,"column":3}},"line":42},"2":{"name":"(anonymous_2)","decl":{"start":{"line":53,"column":24},"end":{"line":53,"column":25}},"loc":{"start":{"line":53,"column":35},"end":{"line":68,"column":3}},"line":53},"3":{"name":"(anonymous_3)","decl":{"start":{"line":72,"column":26},"end":{"line":72,"column":27}},"loc":{"start":{"line":72,"column":32},"end":{"line":81,"column":3}},"line":72},"4":{"name":"(anonymous_4)","decl":{"start":{"line":83,"column":24},"end":{"line":83,"column":25}},"loc":{"start":{"line":83,"column":39},"end":{"line":86,"column":3}},"line":83},"5":{"name":"(anonymous_5)","decl":{"start":{"line":100,"column":25},"end":{"line":100,"column":26}},"loc":{"start":{"line":105,"column":12},"end":{"line":129,"column":13}},"line":105},"6":{"name":"(anonymous_6)","decl":{"start":{"line":110,"column":27},"end":{"line":110,"column":28}},"loc":{"start":{"line":110,"column":33},"end":{"line":110,"column":51}},"line":110},"7":{"name":"(anonymous_7)","decl":{"start":{"line":116,"column":74},"end":{"line":116,"column":75}},"loc":{"start":{"line":116,"column":80},"end":{"line":116,"column":98}},"line":116},"8":{"name":"(anonymous_8)","decl":{"start":{"line":125,"column":27},"end":{"line":125,"column":28}},"loc":{"start":{"line":125,"column":32},"end":{"line":125,"column":49}},"line":125},"9":{"name":"(anonymous_9)","decl":{"start":{"line":137,"column":28},"end":{"line":137,"column":29}},"loc":{"start":{"line":137,"column":38},"end":{"line":137,"column":42}},"line":137},"10":{"name":"(anonymous_10)","decl":{"start":{"line":138,"column":25},"end":{"line":138,"column":26}},"loc":{"start":{"line":139,"column":12},"end":{"line":160,"column":13}},"line":139},"11":{"name":"(anonymous_11)","decl":{"start":{"line":152,"column":27},"end":{"line":152,"column":28}},"loc":{"start":{"line":152,"column":32},"end":{"line":152,"column":49}},"line":152},"12":{"name":"(anonymous_12)","decl":{"start":{"line":172,"column":32},"end":{"line":172,"column":33}},"loc":{"start":{"line":172,"column":38},"end":{"line":174,"column":13}},"line":172},"13":{"name":"(anonymous_13)","decl":{"start":{"line":181,"column":41},"end":{"line":181,"column":42}},"loc":{"start":{"line":181,"column":54},"end":{"line":181,"column":77}},"line":181},"14":{"name":"(anonymous_14)","decl":{"start":{"line":194,"column":52},"end":{"line":194,"column":53}},"loc":{"start":{"line":194,"column":73},"end":{"line":196,"column":27}},"line":194},"15":{"name":"(anonymous_15)","decl":{"start":{"line":198,"column":47},"end":{"line":198,"column":48}},"loc":{"start":{"line":198,"column":60},"end":{"line":200,"column":27}},"line":198},"16":{"name":"(anonymous_16)","decl":{"start":{"line":202,"column":36},"end":{"line":202,"column":37}},"loc":{"start":{"line":202,"column":57},"end":{"line":202,"column":83}},"line":202},"17":{"name":"(anonymous_17)","decl":{"start":{"line":209,"column":35},"end":{"line":209,"column":36}},"loc":{"start":{"line":209,"column":40},"end":{"line":209,"column":75}},"line":209},"18":{"name":"(anonymous_18)","decl":{"start":{"line":213,"column":35},"end":{"line":213,"column":36}},"loc":{"start":{"line":213,"column":40},"end":{"line":213,"column":61}},"line":213},"19":{"name":"(anonymous_19)","decl":{"start":{"line":224,"column":23},"end":{"line":224,"column":24}},"loc":{"start":{"line":224,"column":28},"end":{"line":224,"column":48}},"line":224}},"branchMap":{"0":{"loc":{"start":{"line":56,"column":4},"end":{"line":67,"column":5}},"type":"if","locations":[{"start":{"line":56,"column":4},"end":{"line":67,"column":5}},{"start":{"line":62,"column":9},"end":{"line":67,"column":5}}],"line":56},"1":{"loc":{"start":{"line":62,"column":9},"end":{"line":67,"column":5}},"type":"if","locations":[{"start":{"line":62,"column":9},"end":{"line":67,"column":5}},{"start":{},"end":{}}],"line":62},"2":{"loc":{"start":{"line":105,"column":12},"end":{"line":129,"column":13}},"type":"binary-expr","locations":[{"start":{"line":105,"column":12},"end":{"line":105,"column":36}},{"start":{"line":106,"column":14},"end":{"line":128,"column":26}}],"line":105},"3":{"loc":{"start":{"line":137,"column":11},"end":{"line":137,"column":104}},"type":"binary-expr","locations":[{"start":{"line":137,"column":11},"end":{"line":137,"column":43}},{"start":{"line":137,"column":47},"end":{"line":137,"column":104}}],"line":137},"4":{"loc":{"start":{"line":139,"column":12},"end":{"line":160,"column":13}},"type":"binary-expr","locations":[{"start":{"line":139,"column":12},"end":{"line":139,"column":26}},{"start":{"line":140,"column":14},"end":{"line":159,"column":26}}],"line":139},"5":{"loc":{"start":{"line":155,"column":19},"end":{"line":157,"column":19}},"type":"binary-expr","locations":[{"start":{"line":155,"column":19},"end":{"line":155,"column":33}},{"start":{"line":156,"column":20},"end":{"line":156,"column":118}}],"line":155}},"s":{"0":2,"1":22,"2":22,"3":22,"4":22,"5":22,"6":22,"7":22,"8":22,"9":22,"10":22,"11":22,"12":3,"13":3,"14":3,"15":3,"16":22,"17":2,"18":1,"19":1,"20":1,"21":1,"22":1,"23":1,"24":1,"25":22,"26":1,"27":1,"28":1,"29":1,"30":1,"31":22,"32":0,"33":0,"34":22,"35":8,"36":1,"37":0,"38":1,"39":8,"40":8,"41":1,"42":0,"43":3,"44":0,"45":0,"46":0,"47":3,"48":0,"49":4,"50":2},"f":{"0":22,"1":3,"2":2,"3":1,"4":0,"5":8,"6":1,"7":0,"8":1,"9":8,"10":8,"11":1,"12":0,"13":3,"14":0,"15":0,"16":0,"17":3,"18":0,"19":4},"b":{"0":[1,1],"1":[1,0],"2":[8,7],"3":[22,1],"4":[8,1],"5":[1,1]},"_coverageSchema":"1a1c01bbd47fc00a2c39e90264f33305004495a9","hash":"587f0a3e9cba6185fecffe13a11595c99154580d"}
,"C:\\Users\\yitji\\OneDrive\\Documents\\sim\\third_year\\finalYearProject\\Task_Manager_App\\testing\\pages\\ProfilePage.js": {"path":"C:\\Users\\yitji\\OneDrive\\Documents\\sim\\third_year\\finalYearProject\\Task_Manager_App\\testing\\pages\\ProfilePage.js","statementMap":{"0":{"start":{"line":3,"column":20},"end":{"line":12,"column":1}},"1":{"start":{"line":4,"column":2},"end":{"line":11,"column":4}},"2":{"start":{"line":14,"column":15},"end":{"line":23,"column":2}}},"fnMap":{"0":{"name":"(anonymous_0)","decl":{"start":{"line":3,"column":20},"end":{"line":3,"column":21}},"loc":{"start":{"line":3,"column":25},"end":{"line":12,"column":1}},"line":3}},"branchMap":{},"s":{"0":1,"1":1,"2":1},"f":{"0":1},"b":{},"_coverageSchema":"1a1c01bbd47fc00a2c39e90264f33305004495a9","hash":"1141824037e7cf53f85bdb7cee3addc73e948e06"}
}
