TN:
SF:App.js
FN:17,App
FN:25,(anonymous_1)
FN:35,(anonymous_2)
FN:45,(anonymous_3)
FNF:4
FNH:4
FNDA:4,App
FNDA:10,(anonymous_1)
FNDA:10,(anonymous_2)
FNDA:10,(anonymous_3)
DA:15,1
DA:18,4
DA:27,10
DA:37,10
DA:47,10
DA:56,1
LF:6
LH:6
BRF:0
BRH:0
end_of_record
TN:
SF:components\EditTaskForm.js
FN:4,(anonymous_0)
FN:7,(anonymous_1)
FN:17,(anonymous_2)
FN:26,(anonymous_3)
FN:33,(anonymous_4)
FN:37,(anonymous_5)
FN:41,(anonymous_6)
FN:46,(anonymous_7)
FN:50,(anonymous_8)
FNF:9
FNH:4
FNDA:22,(anonymous_0)
FNDA:1,(anonymous_1)
FNDA:0,(anonymous_2)
FNDA:1,(anonymous_3)
FNDA:0,(anonymous_4)
FNDA:0,(anonymous_5)
FNDA:0,(anonymous_6)
FNDA:1,(anonymous_7)
FNDA:0,(anonymous_8)
DA:4,2
DA:7,22
DA:8,1
DA:9,1
DA:12,22
DA:18,0
DA:26,1
DA:34,0
DA:38,0
DA:41,0
DA:46,1
DA:50,0
DA:60,2
LF:13
LH:8
BRF:0
BRH:0
end_of_record
TN:
SF:pages\CalendarPage.js
FN:3,(anonymous_0)
FNF:1
FNH:1
FNDA:1,(anonymous_0)
DA:3,1
DA:4,1
DA:14,1
LF:3
LH:3
BRF:0
BRH:0
end_of_record
TN:
SF:pages\HomePage.js
FN:18,(anonymous_0)
FN:42,(anonymous_1)
FN:53,(anonymous_2)
FN:72,(anonymous_3)
FN:83,(anonymous_4)
FN:100,(anonymous_5)
FN:110,(anonymous_6)
FN:116,(anonymous_7)
FN:125,(anonymous_8)
FN:137,(anonymous_9)
FN:138,(anonymous_10)
FN:152,(anonymous_11)
FN:172,(anonymous_12)
FN:181,(anonymous_13)
FN:194,(anonymous_14)
FN:198,(anonymous_15)
FN:202,(anonymous_16)
FN:209,(anonymous_17)
FN:213,(anonymous_18)
FN:224,(anonymous_19)
FNF:20
FNH:13
FNDA:22,(anonymous_0)
FNDA:3,(anonymous_1)
FNDA:2,(anonymous_2)
FNDA:1,(anonymous_3)
FNDA:0,(anonymous_4)
FNDA:8,(anonymous_5)
FNDA:1,(anonymous_6)
FNDA:0,(anonymous_7)
FNDA:1,(anonymous_8)
FNDA:8,(anonymous_9)
FNDA:8,(anonymous_10)
FNDA:1,(anonymous_11)
FNDA:0,(anonymous_12)
FNDA:3,(anonymous_13)
FNDA:0,(anonymous_14)
FNDA:0,(anonymous_15)
FNDA:0,(anonymous_16)
FNDA:3,(anonymous_17)
FNDA:0,(anonymous_18)
FNDA:4,(anonymous_19)
DA:18,2
DA:20,22
DA:22,22
DA:24,22
DA:26,22
DA:28,22
DA:30,22
DA:32,22
DA:34,22
DA:36,22
DA:39,22
DA:42,22
DA:43,3
DA:45,3
DA:47,3
DA:49,3
DA:53,22
DA:56,2
DA:58,1
DA:59,1
DA:60,1
DA:62,1
DA:64,1
DA:65,1
DA:66,1
DA:72,22
DA:73,1
DA:74,1
DA:75,1
DA:79,1
DA:80,1
DA:83,22
DA:84,0
DA:85,0
DA:88,22
DA:105,8
DA:110,1
DA:116,0
DA:125,1
DA:137,8
DA:139,8
DA:152,1
DA:173,0
DA:181,3
DA:195,0
DA:199,0
DA:202,0
DA:209,3
DA:213,0
DA:224,4
DA:250,2
LF:51
LH:43
BRDA:56,0,0,1
BRDA:56,0,1,1
BRDA:62,1,0,1
BRDA:62,1,1,0
BRDA:105,2,0,8
BRDA:105,2,1,7
BRDA:137,3,0,22
BRDA:137,3,1,1
BRDA:139,4,0,8
BRDA:139,4,1,1
BRDA:155,5,0,1
BRDA:155,5,1,1
BRF:12
BRH:11
end_of_record
TN:
SF:pages\ProfilePage.js
FN:3,(anonymous_0)
FNF:1
FNH:1
FNDA:1,(anonymous_0)
DA:3,1
DA:4,1
DA:14,1
LF:3
LH:3
BRF:0
BRH:0
end_of_record
