TN:
SF:App.js
FN:16,App
FN:24,(anonymous_1)
FN:34,(anonymous_2)
FN:44,(anonymous_3)
FNF:4
FNH:4
FNDA:4,App
FNDA:10,(anonymous_1)
FNDA:10,(anonymous_2)
FNDA:10,(anonymous_3)
DA:14,1
DA:17,4
DA:26,10
DA:36,10
DA:46,10
DA:55,1
LF:6
LH:6
BRF:0
BRH:0
end_of_record
TN:
SF:components\AddTaskForm.js
FN:20,(anonymous_0)
FN:32,(anonymous_1)
FN:100,(anonymous_2)
FN:107,(anonymous_3)
FN:125,(anonymous_4)
FN:135,(anonymous_5)
FN:146,(anonymous_6)
FN:150,(anonymous_7)
FN:154,(anonymous_8)
FN:162,(anonymous_9)
FN:181,(anonymous_10)
FN:195,(anonymous_11)
FNF:12
FNH:6
FNDA:60,(anonymous_0)
FNDA:4,(anonymous_1)
FNDA:1,(anonymous_2)
FNDA:0,(anonymous_3)
FNDA:0,(anonymous_4)
FNDA:4,(anonymous_5)
FNDA:0,(anonymous_6)
FNDA:0,(anonymous_7)
FNDA:0,(anonymous_8)
FNDA:0,(anonymous_9)
FNDA:4,(anonymous_10)
FNDA:1,(anonymous_11)
DA:20,3
DA:24,60
DA:27,60
DA:29,60
DA:32,60
DA:33,4
DA:34,4
DA:38,4
DA:39,4
DA:41,4
DA:44,4
DA:47,4
DA:48,4
DA:50,4
DA:56,4
DA:57,4
DA:59,4
DA:61,4
DA:63,4
DA:64,4
DA:66,4
DA:70,4
DA:72,4
DA:74,4
DA:76,4
DA:78,4
DA:80,0
DA:100,60
DA:101,1
DA:103,1
DA:107,60
DA:108,0
DA:109,0
DA:111,0
DA:113,0
DA:118,60
DA:126,0
DA:135,4
DA:147,0
DA:151,0
DA:154,0
DA:162,0
DA:181,4
DA:195,1
DA:205,3
LF:45
LH:35
BRDA:39,0,0,4
BRDA:39,0,1,0
BRDA:57,1,0,4
BRDA:57,1,1,0
BRDA:167,2,0,60
BRDA:167,2,1,0
BRF:6
BRH:3
end_of_record
TN:
SF:components\Checklist.js
FN:10,(anonymous_0)
FN:13,(anonymous_1)
FN:56,(anonymous_2)
FN:104,(anonymous_3)
FN:107,(anonymous_4)
FN:117,(anonymous_5)
FN:123,(anonymous_6)
FN:132,(anonymous_7)
FN:144,(anonymous_8)
FN:147,(anonymous_9)
FN:162,(anonymous_10)
FNF:11
FNH:10
FNDA:56,(anonymous_0)
FNDA:2,(anonymous_1)
FNDA:2,(anonymous_2)
FNDA:19,(anonymous_3)
FNDA:23,(anonymous_4)
FNDA:2,(anonymous_5)
FNDA:0,(anonymous_6)
FNDA:1,(anonymous_7)
FNDA:19,(anonymous_8)
FNDA:23,(anonymous_9)
FNDA:1,(anonymous_10)
DA:10,3
DA:13,56
DA:16,2
DA:22,1
DA:23,1
DA:25,1
DA:27,1
DA:29,1
DA:30,1
DA:31,1
DA:34,1
DA:40,1
DA:41,1
DA:43,1
DA:45,1
DA:47,1
DA:48,1
DA:49,1
DA:56,56
DA:57,2
DA:58,2
DA:59,2
DA:63,2
DA:64,2
DA:66,2
DA:71,2
DA:73,0
DA:74,0
DA:77,0
DA:78,0
DA:82,2
DA:83,2
DA:98,56
DA:104,19
DA:112,23
DA:117,2
DA:123,0
DA:132,1
DA:144,19
DA:148,23
DA:162,1
DA:177,3
LF:42
LH:37
BRDA:16,0,0,1
BRDA:16,0,1,1
BRDA:34,1,0,1
BRDA:34,1,1,0
BRDA:71,2,0,0
BRDA:71,2,1,2
BRDA:71,3,0,2
BRDA:71,3,1,0
BRDA:104,4,0,56
BRDA:104,4,1,18
BRDA:112,5,0,23
BRDA:112,5,1,18
BRDA:124,6,0,0
BRDA:124,6,1,18
BRDA:144,7,0,56
BRDA:144,7,1,1
BRDA:148,8,0,23
BRDA:148,8,1,1
BRDA:165,9,0,1
BRDA:165,9,1,1
BRF:20
BRH:16
end_of_record
TN:
SF:components\EditTaskForm.js
FN:20,(anonymous_0)
FN:31,(anonymous_1)
FN:65,(anonymous_2)
FN:72,(anonymous_3)
FN:80,(anonymous_4)
FN:85,(anonymous_5)
FN:95,(anonymous_6)
FN:126,(anonymous_7)
FN:136,(anonymous_8)
FN:147,(anonymous_9)
FN:151,(anonymous_10)
FN:155,(anonymous_11)
FN:162,(anonymous_12)
FN:188,(anonymous_13)
FN:192,(anonymous_14)
FN:196,(anonymous_15)
FN:206,(anonymous_16)
FN:210,(anonymous_17)
FN:216,(anonymous_18)
FN:220,(anonymous_19)
FNF:20
FNH:9
FNDA:56,(anonymous_0)
FNDA:1,(anonymous_1)
FNDA:0,(anonymous_2)
FNDA:1,(anonymous_3)
FNDA:0,(anonymous_4)
FNDA:1,(anonymous_5)
FNDA:1,(anonymous_6)
FNDA:0,(anonymous_7)
FNDA:1,(anonymous_8)
FNDA:0,(anonymous_9)
FNDA:0,(anonymous_10)
FNDA:0,(anonymous_11)
FNDA:0,(anonymous_12)
FNDA:0,(anonymous_13)
FNDA:0,(anonymous_14)
FNDA:0,(anonymous_15)
FNDA:1,(anonymous_16)
FNDA:1,(anonymous_17)
FNDA:1,(anonymous_18)
FNDA:0,(anonymous_19)
DA:20,3
DA:24,56
DA:31,56
DA:33,1
DA:34,1
DA:36,1
DA:39,1
DA:40,1
DA:42,1
DA:44,1
DA:48,1
DA:49,1
DA:51,1
DA:53,1
DA:65,56
DA:66,0
DA:67,0
DA:68,0
DA:72,56
DA:74,1
DA:80,0
DA:85,1
DA:95,56
DA:96,1
DA:97,1
DA:98,1
DA:101,1
DA:102,1
DA:103,1
DA:104,1
DA:106,1
DA:107,1
DA:108,1
DA:109,1
DA:111,1
DA:112,1
DA:113,1
DA:114,1
DA:116,1
DA:120,56
DA:127,0
DA:136,1
DA:148,0
DA:152,0
DA:155,0
DA:162,0
DA:189,0
DA:193,0
DA:196,0
DA:206,1
DA:210,1
DA:216,1
DA:220,0
DA:230,3
LF:54
LH:41
BRDA:49,0,0,1
BRDA:49,0,1,0
BRDA:142,1,0,0
BRDA:142,1,1,56
BRDA:169,2,0,56
BRDA:169,2,1,0
BRF:6
BRH:3
end_of_record
TN:
SF:pages\CalendarPage.js
FN:9,(anonymous_0)
FN:23,(anonymous_1)
FN:24,(anonymous_2)
FN:31,(anonymous_3)
FN:34,(anonymous_4)
FN:45,(anonymous_5)
FN:55,(anonymous_6)
FN:75,(anonymous_7)
FN:82,(anonymous_8)
FNF:9
FNH:3
FNDA:3,(anonymous_0)
FNDA:1,(anonymous_1)
FNDA:1,(anonymous_2)
FNDA:0,(anonymous_3)
FNDA:0,(anonymous_4)
FNDA:0,(anonymous_5)
FNDA:0,(anonymous_6)
FNDA:0,(anonymous_7)
FNDA:0,(anonymous_8)
DA:9,1
DA:11,3
DA:13,2
DA:16,2
DA:18,2
DA:20,2
DA:23,2
DA:24,1
DA:25,1
DA:27,1
DA:28,1
DA:29,1
DA:31,1
DA:32,0
DA:34,0
DA:35,0
DA:37,1
DA:40,1
DA:45,2
DA:47,2
DA:49,0
DA:55,2
DA:57,0
DA:59,0
DA:60,0
DA:63,2
DA:76,0
DA:83,0
DA:93,1
LF:29
LH:20
BRDA:47,0,0,0
BRDA:47,0,1,2
BRF:2
BRH:1
end_of_record
TN:
SF:pages\HomePage.js
FN:21,(anonymous_0)
FN:56,(anonymous_1)
FN:57,(anonymous_2)
FN:146,(anonymous_3)
FNF:4
FNH:4
FNDA:56,(anonymous_0)
FNDA:9,(anonymous_1)
FNDA:9,(anonymous_2)
FNDA:6,(anonymous_3)
DA:21,3
DA:23,56
DA:25,56
DA:27,56
DA:29,56
DA:31,56
DA:33,56
DA:35,56
DA:37,56
DA:39,56
DA:41,56
DA:44,56
DA:46,56
DA:48,56
DA:51,56
DA:53,56
DA:56,56
DA:57,9
DA:58,9
DA:59,9
DA:60,9
DA:61,9
DA:62,9
DA:63,4
DA:64,4
DA:65,4
DA:66,4
DA:67,4
DA:68,4
DA:77,0
DA:81,9
DA:98,56
DA:146,6
DA:192,3
LF:34
LH:33
BRDA:62,0,0,4
BRDA:62,0,1,5
BRF:2
BRH:2
end_of_record
TN:
SF:pages\ProfilePage.js
FN:3,(anonymous_0)
FNF:1
FNH:1
FNDA:1,(anonymous_0)
DA:3,1
DA:4,1
DA:14,1
LF:3
LH:3
BRF:0
BRH:0
end_of_record
